2026-01-25 22:01:13,855 - telethon.crypto.aes - INFO - libssl detected, it will be used for encryption
2026-01-25 22:01:14,009 - asyncio - DEBUG - Using selector: KqueueSelector
2026-01-25 22:01:14,013 - telethon.network.mtprotosender - INFO - Connecting to 149.154.167.51:443/TcpFull...
2026-01-25 22:01:14,013 - telethon.network.mtprotosender - DEBUG - Connection attempt 1...
2026-01-25 22:01:14,014 - telethon.network.mtprotosender - DEBUG - Connection success!
2026-01-25 22:01:14,014 - telethon.network.mtprotosender - DEBUG - New auth_key attempt 1...
2026-01-25 22:01:15,593 - telethon.network.mtprotosender - DEBUG - auth_key generation success!
2026-01-25 22:01:15,593 - telethon.network.mtprotosender - DEBUG - Starting send loop
2026-01-25 22:01:15,593 - telethon.network.mtprotosender - DEBUG - Starting receive loop
2026-01-25 22:01:15,593 - telethon.network.mtprotosender - INFO - Connection to 149.154.167.51:443/TcpFull complete!
2026-01-25 22:01:15,594 - telethon.network.mtprotosender - DEBUG - Waiting for messages to send...
2026-01-25 22:01:15,594 - telethon.extensions.messagepacker - DEBUG - Assigned msg_id = 7599376301101000660 to InvokeWithLayerRequest (109f6c9d0)
2026-01-25 22:01:15,594 - telethon.network.mtprotosender - DEBUG - Encrypting 1 message(s) in 76 bytes for sending
2026-01-25 22:01:15,594 - telethon.network.mtprotosender - DEBUG - Encrypted messages put in a queue to be sent
2026-01-25 22:01:15,594 - telethon.network.mtprotosender - DEBUG - Waiting for messages to send...
2026-01-25 22:01:15,594 - telethon.network.mtprotosender - DEBUG - Receiving items from the network...
2026-01-25 22:01:15,680 - telethon.network.mtprotosender - DEBUG - Handling bad salt for message 7599376301101000660
2026-01-25 22:01:15,681 - telethon.network.mtprotosender - DEBUG - 1 message(s) will be resent
2026-01-25 22:01:15,681 - telethon.network.mtprotosender - DEBUG - Receiving items from the network...
2026-01-25 22:01:15,681 - telethon.extensions.messagepacker - DEBUG - Assigned msg_id = 7599376301449041240 to InvokeWithLayerRequest (109f6c9d0)
2026-01-25 22:01:15,681 - telethon.network.mtprotosender - DEBUG - Encrypting 1 message(s) in 76 bytes for sending
2026-01-25 22:01:15,681 - telethon.network.mtprotosender - DEBUG - Encrypted messages put in a queue to be sent
2026-01-25 22:01:15,681 - telethon.network.mtprotosender - DEBUG - Waiting for messages to send...
2026-01-25 22:01:15,681 - telethon.extensions.messagepacker - DEBUG - Assigned msg_id = 7599376301449721212 to MsgsAck (109f6d490)
2026-01-25 22:01:15,681 - telethon.network.mtprotosender - DEBUG - Encrypting 1 message(s) in 36 bytes for sending
2026-01-25 22:01:15,681 - telethon.network.mtprotosender - DEBUG - Encrypted messages put in a queue to be sent
2026-01-25 22:01:15,681 - telethon.network.mtprotosender - DEBUG - Waiting for messages to send...
2026-01-25 22:01:15,769 - telethon.network.mtprotosender - DEBUG - Handling container
2026-01-25 22:01:15,769 - telethon.network.mtprotosender - DEBUG - Handling new session created
2026-01-25 22:01:15,769 - telethon.network.mtprotosender - DEBUG - Handling acknowledge for [7599376301449041240]
2026-01-25 22:01:15,769 - telethon.network.mtprotosender - DEBUG - Receiving items from the network...
2026-01-25 22:01:15,898 - telethon.network.mtprotosender - DEBUG - Handling RPC result for message 7599376301449041240
2026-01-25 22:01:15,898 - telethon.network.mtprotosender - DEBUG - Receiving items from the network...
2026-01-25 22:01:15,898 - telethon.extensions.messagepacker - DEBUG - Assigned msg_id = 7599376302319265240 to GetUsersRequest (109769f90)
2026-01-25 22:01:15,898 - telethon.network.mtprotosender - DEBUG - Encrypting 1 message(s) in 32 bytes for sending
2026-01-25 22:01:15,898 - telethon.network.mtprotosender - DEBUG - Encrypted messages put in a queue to be sent
2026-01-25 22:01:15,898 - telethon.network.mtprotosender - DEBUG - Waiting for messages to send...
2026-01-25 22:01:15,898 - telethon.extensions.messagepacker - DEBUG - Assigned msg_id = 7599376302319892760 to MsgsAck (109f6e250)
2026-01-25 22:01:15,898 - telethon.network.mtprotosender - DEBUG - Encrypting 1 message(s) in 60 bytes for sending
2026-01-25 22:01:15,899 - telethon.network.mtprotosender - DEBUG - Encrypted messages put in a queue to be sent
2026-01-25 22:01:15,899 - telethon.network.mtprotosender - DEBUG - Waiting for messages to send...
2026-01-25 22:01:16,084 - telethon.network.mtprotosender - DEBUG - Handling RPC result for message 7599376302319265240
2026-01-25 22:01:16,085 - telethon.network.mtprotosender - DEBUG - Receiving items from the network...
2026-01-25 22:01:16,085 - telethon.extensions.messagepacker - DEBUG - Assigned msg_id = 7599376303359980104 to MsgsAck (109f6dad0)
2026-01-25 22:01:16,085 - telethon.network.mtprotosender - DEBUG - Encrypting 1 message(s) in 36 bytes for sending
2026-01-25 22:01:16,085 - telethon.network.mtprotosender - DEBUG - Encrypted messages put in a queue to be sent
2026-01-25 22:01:16,085 - telethon.network.mtprotosender - DEBUG - Waiting for messages to send...
2026-01-25 22:01:16,085 - telethon.extensions.messagepacker - DEBUG - Assigned msg_id = 7599376303360676284 to MsgsAck (109f6ce90)
2026-01-25 22:01:16,085 - telethon.network.mtprotosender - DEBUG - Encrypting 1 message(s) in 36 bytes for sending
2026-01-25 22:01:16,085 - telethon.network.mtprotosender - DEBUG - Encrypted messages put in a queue to be sent
2026-01-25 22:01:16,085 - telethon.network.mtprotosender - DEBUG - Waiting for messages to send...
2026-01-25 22:01:16,085 - telethon.extensions.messagepacker - DEBUG - Assigned msg_id = 7599376303361779688 to GetUsersRequest (109f6dd10)
2026-01-25 22:01:16,085 - telethon.network.mtprotosender - DEBUG - Encrypting 1 message(s) in 32 bytes for sending
2026-01-25 22:01:16,085 - telethon.network.mtprotosender - DEBUG - Encrypted messages put in a queue to be sent
2026-01-25 22:01:16,085 - telethon.network.mtprotosender - DEBUG - Waiting for messages to send...
2026-01-25 22:01:16,263 - telethon.network.mtprotosender - DEBUG - Handling RPC result for message 7599376303361779688
2026-01-25 22:01:16,263 - telethon.network.mtprotosender - DEBUG - Receiving items from the network...
2026-01-25 22:01:16,263 - telethon.extensions.messagepacker - DEBUG - Assigned msg_id = 7599376304073752876 to MsgsAck (109f6e150)
2026-01-25 22:01:16,263 - telethon.network.mtprotosender - DEBUG - Encrypting 1 message(s) in 36 bytes for sending
2026-01-25 22:01:16,263 - telethon.network.mtprotosender - DEBUG - Encrypted messages put in a queue to be sent
2026-01-25 22:01:16,263 - telethon.network.mtprotosender - DEBUG - Waiting for messages to send...
2026-01-25 22:01:16,263 - telethon.extensions.messagepacker - DEBUG - Assigned msg_id = 7599376304074300284 to MsgsAck (109f6e290)
2026-01-25 22:01:16,263 - telethon.network.mtprotosender - DEBUG - Encrypting 1 message(s) in 36 bytes for sending
2026-01-25 22:01:55,470 - telethon.network.mtprotosender - DEBUG - Encrypted messages put in a queue to be sent
2026-01-25 22:01:55,471 - telethon.network.mtprotosender - DEBUG - Waiting for messages to send...
2026-01-25 22:01:55,471 - telethon.extensions.messagepacker - DEBUG - Assigned msg_id = 7599376472407672848 to SendCodeRequest (109f6d850)
2026-01-25 22:01:55,471 - telethon.network.mtprotosender - DEBUG - Encrypting 1 message(s) in 80 bytes for sending
2026-01-25 22:01:55,471 - telethon.network.mtprotosender - DEBUG - Encrypted messages put in a queue to be sent
2026-01-25 22:01:55,471 - telethon.network.mtprotosender - DEBUG - Waiting for messages to send...
2026-01-25 22:01:55,611 - telethon.network.mtprotosender - DEBUG - Handling RPC result for message 7599376472407672848
2026-01-25 22:01:55,612 - telethon.network.mtprotosender - DEBUG - Receiving items from the network...
2026-01-25 22:03:32,903 - telethon.crypto.aes - INFO - libssl detected, it will be used for encryption
2026-01-25 22:03:33,056 - asyncio - DEBUG - Using selector: KqueueSelector
2026-01-25 22:03:33,062 - telethon.network.mtprotosender - INFO - Connecting to 149.154.167.51:443/TcpFull...
2026-01-25 22:03:33,062 - telethon.network.mtprotosender - DEBUG - Connection attempt 1...
2026-01-25 22:03:33,063 - telethon.network.mtprotosender - DEBUG - Connection success!
2026-01-25 22:03:33,063 - telethon.network.mtprotosender - DEBUG - Starting send loop
2026-01-25 22:03:33,063 - telethon.network.mtprotosender - DEBUG - Starting receive loop
2026-01-25 22:03:33,063 - telethon.network.mtprotosender - INFO - Connection to 149.154.167.51:443/TcpFull complete!
2026-01-25 22:03:33,064 - telethon.network.mtprotosender - DEBUG - Waiting for messages to send...
2026-01-25 22:03:33,064 - telethon.extensions.messagepacker - DEBUG - Assigned msg_id = 7599376891688647696 to InvokeWithLayerRequest (107a18ed0)
2026-01-25 22:03:33,064 - telethon.network.mtprotosender - DEBUG - Encrypting 1 message(s) in 76 bytes for sending
2026-01-25 22:03:33,064 - telethon.network.mtprotosender - DEBUG - Encrypted messages put in a queue to be sent
2026-01-25 22:03:33,064 - telethon.network.mtprotosender - DEBUG - Waiting for messages to send...
2026-01-25 22:03:33,064 - telethon.network.mtprotosender - DEBUG - Receiving items from the network...
2026-01-25 22:03:33,248 - telethon.network.mtprotosender - DEBUG - Handling bad salt for message 7599376891688647696
2026-01-25 22:03:33,248 - telethon.network.mtprotosender - DEBUG - 1 message(s) will be resent
2026-01-25 22:03:33,248 - telethon.network.mtprotosender - DEBUG - Receiving items from the network...
2026-01-25 22:03:33,248 - telethon.extensions.messagepacker - DEBUG - Assigned msg_id = 7599376892425019688 to InvokeWithLayerRequest (107a18ed0)
2026-01-25 22:03:33,248 - telethon.network.mtprotosender - DEBUG - Encrypting 1 message(s) in 76 bytes for sending
2026-01-25 22:03:33,248 - telethon.network.mtprotosender - DEBUG - Encrypted messages put in a queue to be sent
2026-01-25 22:03:33,248 - telethon.network.mtprotosender - DEBUG - Waiting for messages to send...
2026-01-25 22:03:33,248 - telethon.extensions.messagepacker - DEBUG - Assigned msg_id = 7599376892425644348 to MsgsAck (107a194d0)
2026-01-25 22:03:33,248 - telethon.network.mtprotosender - DEBUG - Encrypting 1 message(s) in 36 bytes for sending
2026-01-25 22:03:33,249 - telethon.network.mtprotosender - DEBUG - Encrypted messages put in a queue to be sent
2026-01-25 22:03:33,249 - telethon.network.mtprotosender - DEBUG - Waiting for messages to send...
2026-01-25 22:03:33,338 - telethon.network.mtprotosender - DEBUG - Handling container
2026-01-25 22:03:33,338 - telethon.network.mtprotosender - DEBUG - Handling new session created
2026-01-25 22:03:33,338 - telethon.network.mtprotosender - DEBUG - Handling acknowledge for [7599376892425019688]
2026-01-25 22:03:33,338 - telethon.network.mtprotosender - DEBUG - Receiving items from the network...
2026-01-25 22:03:33,372 - telethon.network.mtprotosender - DEBUG - Handling RPC result for message 7599376892425019688
2026-01-25 22:03:33,372 - telethon.network.mtprotosender - DEBUG - Receiving items from the network...
2026-01-25 22:03:33,372 - telethon.extensions.messagepacker - DEBUG - Assigned msg_id = 7599376892920567936 to GetUsersRequest (106f53f10)
2026-01-25 22:03:33,372 - telethon.network.mtprotosender - DEBUG - Encrypting 1 message(s) in 32 bytes for sending
2026-01-25 22:03:33,372 - telethon.network.mtprotosender - DEBUG - Encrypted messages put in a queue to be sent
2026-01-25 22:03:33,372 - telethon.network.mtprotosender - DEBUG - Waiting for messages to send...
2026-01-25 22:03:33,372 - telethon.extensions.messagepacker - DEBUG - Assigned msg_id = 7599376892921183056 to MsgsAck (106f53c50)
2026-01-25 22:03:33,372 - telethon.network.mtprotosender - DEBUG - Encrypting 1 message(s) in 60 bytes for sending
2026-01-25 22:03:33,372 - telethon.network.mtprotosender - DEBUG - Encrypted messages put in a queue to be sent
2026-01-25 22:03:33,372 - telethon.network.mtprotosender - DEBUG - Waiting for messages to send...
2026-01-25 22:03:33,468 - telethon.network.mtprotosender - DEBUG - Handling RPC result for message 7599376892920567936
2026-01-25 22:03:33,468 - telethon.network.mtprotosender - DEBUG - Receiving items from the network...
2026-01-25 22:03:33,468 - telethon.extensions.messagepacker - DEBUG - Assigned msg_id = 7599376893303999372 to MsgsAck (107850710)
2026-01-25 22:03:33,468 - telethon.network.mtprotosender - DEBUG - Encrypting 1 message(s) in 36 bytes for sending
2026-01-25 22:03:33,468 - telethon.network.mtprotosender - DEBUG - Encrypted messages put in a queue to be sent
2026-01-25 22:03:33,468 - telethon.network.mtprotosender - DEBUG - Waiting for messages to send...
2026-01-25 22:03:33,468 - telethon.extensions.messagepacker - DEBUG - Assigned msg_id = 7599376893304794736 to MsgsAck (1079fdc50)
2026-01-25 22:03:33,468 - telethon.network.mtprotosender - DEBUG - Encrypting 1 message(s) in 36 bytes for sending
2026-01-25 22:03:33,468 - telethon.network.mtprotosender - DEBUG - Encrypted messages put in a queue to be sent
2026-01-25 22:03:33,468 - telethon.network.mtprotosender - DEBUG - Waiting for messages to send...
2026-01-25 22:03:33,469 - telethon.extensions.messagepacker - DEBUG - Assigned msg_id = 7599376893306099364 to GetUsersRequest (107a19c10)
2026-01-25 22:03:33,469 - telethon.network.mtprotosender - DEBUG - Encrypting 1 message(s) in 32 bytes for sending
2026-01-25 22:03:33,469 - telethon.network.mtprotosender - DEBUG - Encrypted messages put in a queue to be sent
2026-01-25 22:03:33,469 - telethon.network.mtprotosender - DEBUG - Waiting for messages to send...
2026-01-25 22:03:33,567 - telethon.network.mtprotosender - DEBUG - Handling RPC result for message 7599376893306099364
2026-01-25 22:03:33,567 - telethon.network.mtprotosender - DEBUG - Receiving items from the network...
2026-01-25 22:03:33,567 - telethon.extensions.messagepacker - DEBUG - Assigned msg_id = 7599376893699383208 to MsgsAck (10787c310)
2026-01-25 22:03:33,567 - telethon.network.mtprotosender - DEBUG - Encrypting 1 message(s) in 36 bytes for sending
2026-01-25 22:03:33,567 - telethon.network.mtprotosender - DEBUG - Encrypted messages put in a queue to be sent
2026-01-25 22:03:33,567 - telethon.network.mtprotosender - DEBUG - Waiting for messages to send...
2026-01-25 22:03:33,567 - telethon.extensions.messagepacker - DEBUG - Assigned msg_id = 7599376893699907728 to MsgsAck (107a19c50)
2026-01-25 22:03:33,567 - telethon.network.mtprotosender - DEBUG - Encrypting 1 message(s) in 36 bytes for sending
2026-01-25 22:03:38,122 - telethon.network.mtprotosender - DEBUG - Encrypted messages put in a queue to be sent
2026-01-25 22:03:38,122 - telethon.network.mtprotosender - DEBUG - Waiting for messages to send...
2026-01-25 22:03:38,122 - telethon.extensions.messagepacker - DEBUG - Assigned msg_id = 7599376913395140252 to SendCodeRequest (107a1a0d0)
2026-01-25 22:03:38,122 - telethon.network.mtprotosender - DEBUG - Encrypting 1 message(s) in 80 bytes for sending
2026-01-25 22:03:38,122 - telethon.network.mtprotosender - DEBUG - Encrypted messages put in a queue to be sent
2026-01-25 22:03:38,122 - telethon.network.mtprotosender - DEBUG - Waiting for messages to send...
2026-01-25 22:03:38,247 - telethon.network.mtprotosender - DEBUG - Handling RPC result for message 7599376913395140252
2026-01-25 22:03:38,247 - telethon.network.mtprotosender - DEBUG - Receiving items from the network...
2026-01-25 22:04:09,439 - telethon.crypto.aes - INFO - libssl detected, it will be used for encryption
2026-01-25 22:04:09,586 - asyncio - DEBUG - Using selector: KqueueSelector
2026-01-25 22:04:09,587 - telethon.network.mtprotosender - INFO - Connecting to 149.154.167.51:443/TcpFull...
2026-01-25 22:04:09,587 - telethon.network.mtprotosender - DEBUG - Connection attempt 1...
2026-01-25 22:04:09,588 - telethon.network.mtprotosender - DEBUG - Connection success!
2026-01-25 22:04:09,588 - telethon.network.mtprotosender - DEBUG - Starting send loop
2026-01-25 22:04:09,588 - telethon.network.mtprotosender - DEBUG - Starting receive loop
2026-01-25 22:04:09,588 - telethon.network.mtprotosender - INFO - Connection to 149.154.167.51:443/TcpFull complete!
2026-01-25 22:04:09,589 - telethon.network.mtprotosender - DEBUG - Waiting for messages to send...
2026-01-25 22:04:09,589 - telethon.extensions.messagepacker - DEBUG - Assigned msg_id = 7599377048407155068 to InvokeWithLayerRequest (10bc30f10)
2026-01-25 22:04:09,589 - telethon.network.mtprotosender - DEBUG - Encrypting 1 message(s) in 76 bytes for sending
2026-01-25 22:04:09,589 - telethon.network.mtprotosender - DEBUG - Encrypted messages put in a queue to be sent
2026-01-25 22:04:09,589 - telethon.network.mtprotosender - DEBUG - Waiting for messages to send...
2026-01-25 22:04:09,589 - telethon.network.mtprotosender - DEBUG - Receiving items from the network...
2026-01-25 22:04:09,776 - telethon.network.mtprotosender - DEBUG - Handling bad salt for message 7599377048407155068
2026-01-25 22:04:09,776 - telethon.network.mtprotosender - DEBUG - 1 message(s) will be resent
2026-01-25 22:04:09,776 - telethon.network.mtprotosender - DEBUG - Receiving items from the network...
2026-01-25 22:04:09,776 - telethon.extensions.messagepacker - DEBUG - Assigned msg_id = 7599377049155282052 to InvokeWithLayerRequest (10bc30f10)
2026-01-25 22:04:09,776 - telethon.network.mtprotosender - DEBUG - Encrypting 1 message(s) in 76 bytes for sending
2026-01-25 22:04:09,776 - telethon.network.mtprotosender - DEBUG - Encrypted messages put in a queue to be sent
2026-01-25 22:04:09,776 - telethon.network.mtprotosender - DEBUG - Waiting for messages to send...
2026-01-25 22:04:09,776 - telethon.extensions.messagepacker - DEBUG - Assigned msg_id = 7599377049155906708 to MsgsAck (10bc31510)
2026-01-25 22:04:09,776 - telethon.network.mtprotosender - DEBUG - Encrypting 1 message(s) in 36 bytes for sending
2026-01-25 22:04:09,776 - telethon.network.mtprotosender - DEBUG - Encrypted messages put in a queue to be sent
2026-01-25 22:04:09,776 - telethon.network.mtprotosender - DEBUG - Waiting for messages to send...
2026-01-25 22:04:09,870 - telethon.network.mtprotosender - DEBUG - Handling container
2026-01-25 22:04:09,870 - telethon.network.mtprotosender - DEBUG - Handling new session created
2026-01-25 22:04:09,870 - telethon.network.mtprotosender - DEBUG - Handling acknowledge for [7599377049155282052]
2026-01-25 22:04:09,870 - telethon.network.mtprotosender - DEBUG - Receiving items from the network...
2026-01-25 22:04:09,914 - telethon.network.mtprotosender - DEBUG - Handling RPC result for message 7599377049155282052
2026-01-25 22:04:09,915 - telethon.network.mtprotosender - DEBUG - Receiving items from the network...
2026-01-25 22:04:09,915 - telethon.extensions.messagepacker - DEBUG - Assigned msg_id = 7599377049710106880 to GetUsersRequest (10ba68350)
2026-01-25 22:04:09,915 - telethon.network.mtprotosender - DEBUG - Encrypting 1 message(s) in 32 bytes for sending
2026-01-25 22:04:09,915 - telethon.network.mtprotosender - DEBUG - Encrypted messages put in a queue to be sent
2026-01-25 22:04:09,915 - telethon.network.mtprotosender - DEBUG - Waiting for messages to send...
2026-01-25 22:04:09,915 - telethon.extensions.messagepacker - DEBUG - Assigned msg_id = 7599377049710702928 to MsgsAck (10ba2f7d0)
2026-01-25 22:04:09,915 - telethon.network.mtprotosender - DEBUG - Encrypting 1 message(s) in 60 bytes for sending
2026-01-25 22:04:09,915 - telethon.network.mtprotosender - DEBUG - Encrypted messages put in a queue to be sent
2026-01-25 22:04:09,915 - telethon.network.mtprotosender - DEBUG - Waiting for messages to send...
2026-01-25 22:04:10,014 - telethon.network.mtprotosender - DEBUG - Handling RPC result for message 7599377049710106880
2026-01-25 22:04:10,014 - telethon.network.mtprotosender - DEBUG - Receiving items from the network...
2026-01-25 22:04:10,014 - telethon.extensions.messagepacker - DEBUG - Assigned msg_id = 7599377050400881440 to MsgsAck (10bc31c10)
2026-01-25 22:04:10,014 - telethon.network.mtprotosender - DEBUG - Encrypting 1 message(s) in 36 bytes for sending
2026-01-25 22:04:10,014 - telethon.network.mtprotosender - DEBUG - Encrypted messages put in a queue to be sent
2026-01-25 22:04:10,014 - telethon.network.mtprotosender - DEBUG - Waiting for messages to send...
2026-01-25 22:04:10,014 - telethon.extensions.messagepacker - DEBUG - Assigned msg_id = 7599377050401473672 to MsgsAck (10bc30f10)
2026-01-25 22:04:10,014 - telethon.network.mtprotosender - DEBUG - Encrypting 1 message(s) in 36 bytes for sending
2026-01-25 22:04:10,014 - telethon.network.mtprotosender - DEBUG - Encrypted messages put in a queue to be sent
2026-01-25 22:04:10,014 - telethon.network.mtprotosender - DEBUG - Waiting for messages to send...
2026-01-25 22:04:10,014 - telethon.extensions.messagepacker - DEBUG - Assigned msg_id = 7599377050402774484 to GetUsersRequest (10bc31c90)
2026-01-25 22:04:10,014 - telethon.network.mtprotosender - DEBUG - Encrypting 1 message(s) in 32 bytes for sending
2026-01-25 22:04:10,014 - telethon.network.mtprotosender - DEBUG - Encrypted messages put in a queue to be sent
2026-01-25 22:04:10,014 - telethon.network.mtprotosender - DEBUG - Waiting for messages to send...
2026-01-25 22:04:10,139 - telethon.network.mtprotosender - DEBUG - Handling RPC result for message 7599377050402774484
2026-01-25 22:04:10,139 - telethon.network.mtprotosender - DEBUG - Receiving items from the network...
2026-01-25 22:04:10,139 - telethon.extensions.messagepacker - DEBUG - Assigned msg_id = 7599377050903649004 to MsgsAck (109de4350)
2026-01-25 22:04:10,139 - telethon.network.mtprotosender - DEBUG - Encrypting 1 message(s) in 36 bytes for sending
2026-01-25 22:04:10,140 - telethon.network.mtprotosender - DEBUG - Encrypted messages put in a queue to be sent
2026-01-25 22:04:10,140 - telethon.network.mtprotosender - DEBUG - Waiting for messages to send...
2026-01-25 22:04:10,140 - telethon.extensions.messagepacker - DEBUG - Assigned msg_id = 7599377050904194508 to MsgsAck (10bc32210)
2026-01-25 22:04:10,140 - telethon.network.mtprotosender - DEBUG - Encrypting 1 message(s) in 36 bytes for sending
2026-01-25 22:04:16,335 - telethon.network.mtprotosender - DEBUG - Encrypted messages put in a queue to be sent
2026-01-25 22:04:16,336 - telethon.network.mtprotosender - DEBUG - Waiting for messages to send...
2026-01-25 22:04:16,336 - telethon.extensions.messagepacker - DEBUG - Assigned msg_id = 7599377077458342000 to SendCodeRequest (10bc32250)
2026-01-25 22:04:16,336 - telethon.network.mtprotosender - DEBUG - Encrypting 1 message(s) in 80 bytes for sending
2026-01-25 22:04:16,336 - telethon.network.mtprotosender - DEBUG - Encrypted messages put in a queue to be sent
2026-01-25 22:04:16,336 - telethon.network.mtprotosender - DEBUG - Waiting for messages to send...
2026-01-25 22:04:16,511 - telethon.network.mtprotosender - DEBUG - Handling RPC result for message 7599377077458342000
2026-01-25 22:04:16,511 - telethon.network.mtprotosender - DEBUG - Receiving items from the network...
